{
  "stats": {
    "suites": 1,
    "tests": 3,
    "passes": 0,
    "pending": 2,
    "failures": 1,
    "start": "2021-07-09T16:01:31.567Z",
    "end": "2021-07-09T16:01:41.808Z",
    "duration": 10241,
    "testsRegistered": 3,
    "passPercent": 0,
    "pendingPercent": 66.66666666666666,
    "other": 0,
    "hasOther": false,
    "skipped": 0,
    "hasSkipped": false
  },
  "results": [
    {
      "uuid": "9a670288-e814-4242-96b3-1cfc14e98b88",
      "title": "",
      "fullFile": "",
      "file": "",
      "beforeHooks": [],
      "afterHooks": [],
      "tests": [],
      "suites": [
        {
          "uuid": "0817a043-c408-48e1-a73f-17061f603f36",
          "title": "authorization",
          "fullFile": "/Users/olgabugayova/WebstormProjects/CodeceptJS/authorization_test.js",
          "file": "/authorization_test.js",
          "beforeHooks": [
            {
              "title": "\"before all\" hook: codeceptjs.beforeSuite in \"authorization\"",
              "fullTitle": "authorization \"before all\" hook: codeceptjs.beforeSuite in \"authorization\"",
              "timedOut": false,
              "duration": 1798,
              "state": null,
              "speed": null,
              "pass": false,
              "fail": false,
              "pending": false,
              "context": null,
              "code": "scenario.suiteSetup(suite)",
              "err": {},
              "uuid": "ed137261-07f3-4c84-b351-f65a7efd17e4",
              "parentUUID": "0817a043-c408-48e1-a73f-17061f603f36",
              "isHook": true,
              "skipped": false
            },
            {
              "title": "\"before each\" hook: codeceptjs.before in \"authorization\"",
              "fullTitle": "authorization \"before each\" hook: codeceptjs.before in \"authorization\"",
              "timedOut": false,
              "duration": 1,
              "state": null,
              "speed": null,
              "pass": false,
              "fail": false,
              "pending": false,
              "context": null,
              "code": "scenario.setup(suite)",
              "err": {},
              "uuid": "05e901d4-12b9-41fd-a25b-061fe7117b5d",
              "parentUUID": "0817a043-c408-48e1-a73f-17061f603f36",
              "isHook": true,
              "skipped": false
            }
          ],
          "afterHooks": [
            {
              "title": "\"after all\" hook: codeceptjs.afterSuite in \"authorization\"",
              "fullTitle": "authorization \"after all\" hook: codeceptjs.afterSuite in \"authorization\"",
              "timedOut": false,
              "duration": 0,
              "state": null,
              "speed": null,
              "pass": false,
              "fail": false,
              "pending": false,
              "context": null,
              "code": "scenario.suiteTeardown(suite)",
              "err": {},
              "uuid": "965a0d02-e77a-4515-ba76-62596becdda2",
              "parentUUID": "0817a043-c408-48e1-a73f-17061f603f36",
              "isHook": true,
              "skipped": false
            },
            {
              "title": "\"after each\" hook: finalize codeceptjs in \"authorization\"",
              "fullTitle": "authorization \"after each\" hook: finalize codeceptjs in \"authorization\"",
              "timedOut": false,
              "duration": 2,
              "state": null,
              "speed": null,
              "pass": false,
              "fail": false,
              "pending": false,
              "context": null,
              "code": "scenario.teardown(suite)",
              "err": {},
              "uuid": "c490e937-6fcc-4de3-8f85-1e16b5129ac2",
              "parentUUID": "0817a043-c408-48e1-a73f-17061f603f36",
              "isHook": true,
              "skipped": false
            }
          ],
          "tests": [
            {
              "title": "test authorization",
              "fullTitle": "authorization: test authorization",
              "timedOut": false,
              "duration": 0,
              "state": "pending",
              "speed": null,
              "pass": false,
              "fail": false,
              "pending": true,
              "context": null,
              "code": "",
              "err": {},
              "uuid": "0dd8234e-e96e-4cdb-ba87-cb8246ad646a",
              "parentUUID": "0817a043-c408-48e1-a73f-17061f603f36",
              "isHook": false,
              "skipped": false
            },
            {
              "title": "test registration",
              "fullTitle": "authorization: test registration",
              "timedOut": false,
              "duration": 8437,
              "state": "failed",
              "speed": null,
              "pass": false,
              "fail": true,
              "pending": false,
              "context": null,
              "code": "I, mainPage}) => {\n    I.amOnPage('/');\n    mainPage.register ('3513', '000000');\n    I.see('YOUR ACCOUNT HAS BEEN CREATED!');",
              "err": {
                "message": null,
                "estack": null,
                "diff": "- Login or register\n- Main Menu\n-  SPECIALS\n-  ACCOUNT\n-  CART\n-  CHECKOUT\n- $ US DOLLAR\n-    0 ITEMS - $0.00 \n- Facebook Twitter Linkedin\n- HOME\n- --( 433 lines more )---\n+ YOUR ACCOUNT HAS BEEN CREATED!\n"
              },
              "uuid": "5a14ff24-32a9-44a0-8d19-cf1687ce7253",
              "parentUUID": "0817a043-c408-48e1-a73f-17061f603f36",
              "isHook": false,
              "skipped": false
            },
            {
              "title": "Пользователь может запросить содержимое страницы",
              "fullTitle": "authorization: Пользователь может запросить содержимое страницы",
              "timedOut": false,
              "duration": 0,
              "state": "pending",
              "speed": null,
              "pass": false,
              "fail": false,
              "pending": true,
              "context": null,
              "code": "",
              "err": {},
              "uuid": "f5f95a09-ffc9-4f61-b997-c7857eeb97bc",
              "parentUUID": "0817a043-c408-48e1-a73f-17061f603f36",
              "isHook": false,
              "skipped": false
            }
          ],
          "suites": [],
          "passes": [],
          "failures": [
            "5a14ff24-32a9-44a0-8d19-cf1687ce7253"
          ],
          "pending": [
            "0dd8234e-e96e-4cdb-ba87-cb8246ad646a",
            "f5f95a09-ffc9-4f61-b997-c7857eeb97bc"
          ],
          "skipped": [],
          "duration": 8437,
          "root": false,
          "rootEmpty": false,
          "_timeout": 0
        }
      ],
      "passes": [],
      "failures": [],
      "pending": [],
      "skipped": [],
      "duration": 0,
      "root": true,
      "rootEmpty": true,
      "_timeout": 0
    }
  ],
  "meta": {
    "mocha": {
      "version": "8.1.3"
    },
    "mochawesome": {
      "options": {
        "quiet": false,
        "reportFilename": "mochawesome",
        "saveHtml": true,
        "saveJson": true,
        "consoleReporter": "spec",
        "useInlineDiffs": false,
        "code": true
      },
      "version": "6.2.2"
    },
    "marge": {
      "options": {
        "reportDir": "output"
      },
      "version": "5.2.0"
    }
  }
}